c:\users\bzhang3\desktop\project8 new 3 features sunday\project6\debug\enemy.obj
c:\users\bzhang3\desktop\project8 new 3 features sunday\project6\debug\fourt.obj
c:\users\bzhang3\desktop\project8 new 3 features sunday\project6\debug\game.obj
c:\users\bzhang3\desktop\project8 new 3 features sunday\project6\debug\item.obj
c:\users\bzhang3\desktop\project8 new 3 features sunday\project6\debug\linkedlist.obj
c:\users\bzhang3\desktop\project8 new 3 features sunday\project6\debug\magichouse.obj
c:\users\bzhang3\desktop\project8 new 3 features sunday\project6\debug\magicshield.obj
c:\users\bzhang3\desktop\project8 new 3 features sunday\project6\debug\magicweapon.obj
c:\users\bzhang3\desktop\project8 new 3 features sunday\project6\debug\main.obj
c:\users\bzhang3\desktop\project8 new 3 features sunday\project6\debug\player.obj
c:\users\bzhang3\desktop\project8 new 3 features sunday\project6\debug\skill.obj
c:\users\bzhang3\desktop\project8 new 3 features sunday\project6\debug\task.obj
c:\users\bzhang3\desktop\project8 new 3 features sunday\project6\debug\vc100.pdb
c:\users\dell\dropbox\comp 053 lab\project8 new 3 features monday\project6\debug\enemy.obj
c:\users\dell\dropbox\comp 053 lab\project8 new 3 features monday\project6\debug\fourt.obj
c:\users\dell\dropbox\comp 053 lab\project8 new 3 features monday\project6\debug\game.obj
c:\users\dell\dropbox\comp 053 lab\project8 new 3 features monday\project6\debug\item.obj
c:\users\dell\dropbox\comp 053 lab\project8 new 3 features monday\project6\debug\linkedlist.obj
c:\users\dell\dropbox\comp 053 lab\project8 new 3 features monday\project6\debug\magichouse.obj
c:\users\dell\dropbox\comp 053 lab\project8 new 3 features monday\project6\debug\magicshield.obj
c:\users\dell\dropbox\comp 053 lab\project8 new 3 features monday\project6\debug\magicweapon.obj
c:\users\dell\dropbox\comp 053 lab\project8 new 3 features monday\project6\debug\main.obj
c:\users\dell\dropbox\comp 053 lab\project8 new 3 features monday\project6\debug\player.obj
c:\users\dell\dropbox\comp 053 lab\project8 new 3 features monday\project6\debug\skill.obj
c:\users\dell\dropbox\comp 053 lab\project8 new 3 features monday\project6\debug\task.obj
c:\users\dell\dropbox\comp 053 lab\project8 new 3 features monday\project6\debug\vc100.pdb
c:\users\yzhang12\desktop\new folder\project6\debug\enemy.obj
c:\users\yzhang12\desktop\new folder\project6\debug\fourt.obj
c:\users\yzhang12\desktop\new folder\project6\debug\game.obj
c:\users\yzhang12\desktop\new folder\project6\debug\item.obj
c:\users\yzhang12\desktop\new folder\project6\debug\linkedlist.obj
c:\users\yzhang12\desktop\new folder\project6\debug\magichouse.obj
c:\users\yzhang12\desktop\new folder\project6\debug\magicshield.obj
c:\users\yzhang12\desktop\new folder\project6\debug\magicweapon.obj
c:\users\yzhang12\desktop\new folder\project6\debug\main.obj
c:\users\yzhang12\desktop\new folder\project6\debug\player.obj
c:\users\yzhang12\desktop\new folder\project6\debug\skill.obj
c:\users\yzhang12\desktop\new folder\project6\debug\task.obj
c:\users\yzhang12\desktop\new folder\project6\debug\vc100.pdb
c:\users\dell\desktop\project 8 comments\project6\debug\enemy.obj
c:\users\dell\desktop\project 8 comments\project6\debug\fourt.obj
c:\users\dell\desktop\project 8 comments\project6\debug\game.obj
c:\users\dell\desktop\project 8 comments\project6\debug\item.obj
c:\users\dell\desktop\project 8 comments\project6\debug\linkedlist.obj
c:\users\dell\desktop\project 8 comments\project6\debug\magichouse.obj
c:\users\dell\desktop\project 8 comments\project6\debug\magicshield.obj
c:\users\dell\desktop\project 8 comments\project6\debug\magicweapon.obj
c:\users\dell\desktop\project 8 comments\project6\debug\main.obj
c:\users\dell\desktop\project 8 comments\project6\debug\player.obj
c:\users\dell\desktop\project 8 comments\project6\debug\skill.obj
c:\users\dell\desktop\project 8 comments\project6\debug\task.obj
c:\users\dell\desktop\project 8 comments\project6\debug\vc100.pdb
c:\users\bzhang3\desktop\project 8 comments\project6\debug\enemy.obj
c:\users\bzhang3\desktop\project 8 comments\project6\debug\fourt.obj
c:\users\bzhang3\desktop\project 8 comments\project6\debug\game.obj
c:\users\bzhang3\desktop\project 8 comments\project6\debug\item.obj
c:\users\bzhang3\desktop\project 8 comments\project6\debug\linkedlist.obj
c:\users\bzhang3\desktop\project 8 comments\project6\debug\magichouse.obj
c:\users\bzhang3\desktop\project 8 comments\project6\debug\magicshield.obj
c:\users\bzhang3\desktop\project 8 comments\project6\debug\magicweapon.obj
c:\users\bzhang3\desktop\project 8 comments\project6\debug\main.obj
c:\users\bzhang3\desktop\project 8 comments\project6\debug\player.obj
c:\users\bzhang3\desktop\project 8 comments\project6\debug\skill.obj
c:\users\bzhang3\desktop\project 8 comments\project6\debug\task.obj
c:\users\bzhang3\desktop\project 8 comments\project6\debug\vc100.pdb
c:\users\mcheung7\desktop\project 8 comments\project6\debug\enemy.obj
c:\users\mcheung7\desktop\project 8 comments\project6\debug\fourt.obj
c:\users\mcheung7\desktop\project 8 comments\project6\debug\game.obj
c:\users\mcheung7\desktop\project 8 comments\project6\debug\item.obj
c:\users\mcheung7\desktop\project 8 comments\project6\debug\linkedlist.obj
c:\users\mcheung7\desktop\project 8 comments\project6\debug\magichouse.obj
c:\users\mcheung7\desktop\project 8 comments\project6\debug\magicshield.obj
c:\users\mcheung7\desktop\project 8 comments\project6\debug\magicweapon.obj
c:\users\mcheung7\desktop\project 8 comments\project6\debug\main.obj
c:\users\mcheung7\desktop\project 8 comments\project6\debug\player.obj
c:\users\mcheung7\desktop\project 8 comments\project6\debug\skill.obj
c:\users\mcheung7\desktop\project 8 comments\project6\debug\task.obj
c:\users\mcheung7\desktop\project 8 comments\project6\debug\vc100.pdb
c:\users\bzhang3\desktop\project8 new 3 features sunday\debug\project6.ilk
c:\users\bzhang3\desktop\project8 new 3 features sunday\debug\project6.exe
c:\users\bzhang3\desktop\project8 new 3 features sunday\project6\debug\project6.exe.intermediate.manifest
c:\users\bzhang3\desktop\project8 new 3 features sunday\debug\project6.pdb
c:\users\dell\dropbox\comp 053 lab\project8 new 3 features monday\debug\project6.ilk
c:\users\dell\dropbox\comp 053 lab\project8 new 3 features monday\debug\project6.exe
c:\users\dell\dropbox\comp 053 lab\project8 new 3 features monday\project6\debug\project6.exe.intermediate.manifest
c:\users\dell\dropbox\comp 053 lab\project8 new 3 features monday\debug\project6.pdb
c:\users\yzhang12\desktop\new folder\debug\project6.ilk
c:\users\yzhang12\desktop\new folder\debug\project6.exe
c:\users\yzhang12\desktop\new folder\project6\debug\project6.exe.intermediate.manifest
c:\users\yzhang12\desktop\new folder\debug\project6.pdb
c:\users\dell\desktop\project 8 comments\debug\project6.ilk
c:\users\dell\desktop\project 8 comments\debug\project6.exe
c:\users\dell\desktop\project 8 comments\project6\debug\project6.exe.intermediate.manifest
c:\users\dell\desktop\project 8 comments\debug\project6.pdb
c:\users\bzhang3\desktop\project 8 comments\debug\project6.ilk
c:\users\bzhang3\desktop\project 8 comments\debug\project6.exe
c:\users\bzhang3\desktop\project 8 comments\project6\debug\project6.exe.intermediate.manifest
c:\users\bzhang3\desktop\project 8 comments\debug\project6.pdb
c:\users\mcheung7\desktop\project 8 comments\debug\project6.ilk
c:\users\mcheung7\desktop\project 8 comments\debug\project6.exe
c:\users\mcheung7\desktop\project 8 comments\project6\debug\project6.exe.intermediate.manifest
c:\users\mcheung7\desktop\project 8 comments\debug\project6.pdb
c:\users\bzhang3\desktop\project8 new 3 features sunday\project6\debug\project6.exe.embed.manifest
c:\users\yzhang12\desktop\new folder\project6\debug\project6.exe.embed.manifest
c:\users\dell\desktop\project 8 comments\project6\debug\project6.exe.embed.manifest
c:\users\bzhang3\desktop\project8 new 3 features sunday\project6\debug\project6.exe.embed.manifest.res
c:\users\dell\dropbox\comp 053 lab\project8 new 3 features monday\project6\debug\project6.exe.embed.manifest.res
c:\users\yzhang12\desktop\new folder\project6\debug\project6.exe.embed.manifest.res
c:\users\dell\desktop\project 8 comments\project6\debug\project6.exe.embed.manifest.res
c:\users\bzhang3\desktop\project 8 comments\project6\debug\project6.exe.embed.manifest.res
c:\users\mcheung7\desktop\project 8 comments\project6\debug\project6.exe.embed.manifest.res
c:\users\bill\desktop\new folder\project 8 the newest\project 8 comments\project6\debug\vc140.pdb
c:\users\bill\desktop\new folder\project 8 the newest\project 8 comments\project6\debug\vc140.idb
c:\users\bill\desktop\new folder\project 8 the newest\project 8 comments\project6\debug\enemy.obj
c:\users\bill\desktop\new folder\project 8 the newest\project 8 comments\project6\debug\fourt.obj
c:\users\bill\desktop\new folder\project 8 the newest\project 8 comments\project6\debug\game.obj
c:\users\bill\desktop\new folder\project 8 the newest\project 8 comments\project6\debug\item.obj
c:\users\bill\desktop\new folder\project 8 the newest\project 8 comments\project6\debug\linkedlist.obj
c:\users\bill\desktop\new folder\project 8 the newest\project 8 comments\project6\debug\magichouse.obj
c:\users\bill\desktop\new folder\project 8 the newest\project 8 comments\project6\debug\magicshield.obj
c:\users\bill\desktop\new folder\project 8 the newest\project 8 comments\project6\debug\magicweapon.obj
c:\users\bill\desktop\new folder\project 8 the newest\project 8 comments\project6\debug\main.obj
c:\users\bill\desktop\new folder\project 8 the newest\project 8 comments\project6\debug\player.obj
c:\users\bill\desktop\new folder\project 8 the newest\project 8 comments\project6\debug\skill.obj
c:\users\bill\desktop\new folder\project 8 the newest\project 8 comments\project6\debug\task.obj
c:\users\bill\desktop\new folder\project 8 the newest\project 8 comments\project6\debug\cl.command.1.tlog
c:\users\bill\desktop\new folder\project 8 the newest\project 8 comments\project6\debug\cl.read.1.tlog
c:\users\bill\desktop\new folder\project 8 the newest\project 8 comments\project6\debug\cl.write.1.tlog
c:\users\bill\desktop\new folder\project 8 the newest\project 8 comments\project6\debug\link-cvtres.read.1.tlog
c:\users\bill\desktop\new folder\project 8 the newest\project 8 comments\project6\debug\link-cvtres.write.1.tlog
c:\users\bill\desktop\new folder\project 8 the newest\project 8 comments\project6\debug\link.1912-cvtres.read.1.tlog
c:\users\bill\desktop\new folder\project 8 the newest\project 8 comments\project6\debug\link.1912-cvtres.write.1.tlog
c:\users\bill\desktop\new folder\project 8 the newest\project 8 comments\project6\debug\link.1912.read.1.tlog
c:\users\bill\desktop\new folder\project 8 the newest\project 8 comments\project6\debug\link.1912.write.1.tlog
c:\users\bill\desktop\new folder\project 8 the newest\project 8 comments\project6\debug\link.3068-cvtres.read.1.tlog
c:\users\bill\desktop\new folder\project 8 the newest\project 8 comments\project6\debug\link.3068-cvtres.write.1.tlog
c:\users\bill\desktop\new folder\project 8 the newest\project 8 comments\project6\debug\link.3068.read.1.tlog
c:\users\bill\desktop\new folder\project 8 the newest\project 8 comments\project6\debug\link.3068.write.1.tlog
c:\users\bill\desktop\new folder\project 8 the newest\project 8 comments\project6\debug\link.command.1.tlog
c:\users\bill\desktop\new folder\project 8 the newest\project 8 comments\project6\debug\link.read.1.tlog
c:\users\bill\desktop\new folder\project 8 the newest\project 8 comments\project6\debug\link.write.1.tlog
c:\users\bill\desktop\new folder\project 8 the newest\project 8 comments\project6\debug\mt.command.1.tlog
c:\users\bill\desktop\new folder\project 8 the newest\project 8 comments\project6\debug\mt.read.1.tlog
c:\users\bill\desktop\new folder\project 8 the newest\project 8 comments\project6\debug\mt.write.1.tlog
c:\users\bill\desktop\new folder\project 8 the newest\project 8 comments\project6\debug\rc.command.1.tlog
c:\users\bill\desktop\new folder\project 8 the newest\project 8 comments\project6\debug\rc.read.1.tlog
c:\users\bill\desktop\new folder\project 8 the newest\project 8 comments\project6\debug\rc.write.1.tlog
c:\users\bill\desktop\new folder\project 8 the newest\project 8 comments\project6\debug\project6.exe.embed.manifest
c:\users\bill\desktop\new folder\project 8 the newest\project 8 comments\project6\debug\project6.exe.intermediate.manifest
c:\users\bill\desktop\new folder\project 8 the newest\project 8 comments\project6\debug\project6.exe.embed.manifest.res
c:\users\bill\desktop\new folder\project 8 the newest\project 8 comments\project6\debug\vc100.idb
c:\users\bill\desktop\new folder\project 8 the newest\project 8 comments\project6\debug\vc100.pdb
c:\users\bill\desktop\new folder\project 8 the newest\project 8 comments\project6\debug\project6_manifest.rc
c:\users\bill\desktop\new folder\project 8 the newest\project 8 comments\debug\project6.pdb
c:\users\bill\desktop\new folder\project 8 the newest\project 8 comments\project6\debug\project6.tlog\cl.command.1.tlog
c:\users\bill\desktop\new folder\project 8 the newest\project 8 comments\project6\debug\project6.tlog\cl.read.1.tlog
c:\users\bill\desktop\new folder\project 8 the newest\project 8 comments\project6\debug\project6.tlog\cl.write.1.tlog
c:\users\bill\desktop\new folder\project 8 the newest\project 8 comments\project6\debug\project6.tlog\link-cvtres.read.1.tlog
c:\users\bill\desktop\new folder\project 8 the newest\project 8 comments\project6\debug\project6.tlog\link-cvtres.write.1.tlog
c:\users\bill\desktop\new folder\project 8 the newest\project 8 comments\project6\debug\project6.tlog\link-rc.read.1.tlog
c:\users\bill\desktop\new folder\project 8 the newest\project 8 comments\project6\debug\project6.tlog\link-rc.write.1.tlog
c:\users\bill\desktop\new folder\project 8 the newest\project 8 comments\project6\debug\project6.tlog\link.command.1.tlog
c:\users\bill\desktop\new folder\project 8 the newest\project 8 comments\project6\debug\project6.tlog\link.read.1.tlog
c:\users\bill\desktop\new folder\project 8 the newest\project 8 comments\project6\debug\project6.tlog\link.write.1.tlog
